{"/home/james/Documents/movies search/src/config.js": {"path":"/home/james/Documents/movies search/src/config.js","statementMap":{"0":{"start":{"line":3,"column":23},"end":{"line":10,"column":1}},"1":{"start":{"line":13,"column":12},"end":{"line":13,"column":41}},"2":{"start":{"line":16,"column":13},"end":{"line":16,"column":25}}},"fnMap":{},"branchMap":{},"s":{"0":0,"1":0,"2":0},"f":{},"b":{}}
,"/home/james/Documents/movies search/src/vite-env.d.ts": {"path":"/home/james/Documents/movies search/src/vite-env.d.ts","statementMap":{},"fnMap":{},"branchMap":{},"s":{},"f":{},"b":{}}
}
